# JRE version: Java(TM) SE Runtime Environment (7.0_72-b14) (build 1.7.0_72-b14)
# Java VM: Java HotSpot(TM) 64-Bit Server VM (24.72-b04 mixed mode linux-amd64 compressed oops)
Heap
 PSYoungGen      total 204800K, used 7482K [0x00000000eaa80000, 0x00000000f8200000, 0x0000000100000000)
  eden space 189952K, 0% used [0x00000000eaa80000,0x00000000eaa80000,0x00000000f6400000)
  from space 14848K, 50% used [0x00000000f6400000,0x00000000f6b4e970,0x00000000f7280000)
  to   space 13824K, 0% used [0x00000000f7280000,0x00000000f7280000,0x00000000f8000000)
 ParOldGen       total 41472K, used 34259K [0x00000000c0000000, 0x00000000c2880000, 0x00000000eaa80000)
  object space 41472K, 82% used [0x00000000c0000000,0x00000000c2174d50,0x00000000c2880000)
 PSPermGen       total 21504K, used 7614K [0x00000000bae00000, 0x00000000bc300000, 0x00000000c0000000)
  object space 21504K, 35% used [0x00000000bae00000,0x00000000bb56fb98,0x00000000bc300000)
GC Heap History (10 events):
Event: 5.136 GC heap after
Heap after GC invocations=6 (full 0):
 PSYoungGen      total 68096K, used 7670K [0x00000000eaa80000, 0x00000000efd80000, 0x0000000100000000)
  eden space 60416K, 0% used [0x00000000eaa80000,0x00000000eaa80000,0x00000000ee580000)
  from space 7680K, 99% used [0x00000000ef000000,0x00000000ef77da28,0x00000000ef780000)
  to   space 10752K, 0% used [0x00000000ee580000,0x00000000ee580000,0x00000000ef000000)
 ParOldGen       total 41472K, used 20394K [0x00000000c0000000, 0x00000000c2880000, 0x00000000eaa80000)
  object space 41472K, 49% used [0x00000000c0000000,0x00000000c13eab88,0x00000000c2880000)
 PSPermGen       total 21504K, used 5837K [0x00000000bae00000, 0x00000000bc300000, 0x00000000c0000000)
  object space 21504K, 27% used [0x00000000bae00000,0x00000000bb3b3500,0x00000000bc300000)
}
Event: 9.373 GC heap before
{Heap before GC invocations=7 (full 0):
 PSYoungGen      total 68096K, used 67223K [0x00000000eaa80000, 0x00000000efd80000, 0x0000000100000000)
  eden space 60416K, 98% used [0x00000000eaa80000,0x00000000ee4a8218,0x00000000ee580000)
  from space 7680K, 99% used [0x00000000ef000000,0x00000000ef77da28,0x00000000ef780000)
  to   space 10752K, 0% used [0x00000000ee580000,0x00000000ee580000,0x00000000ef000000)
 ParOldGen       total 41472K, used 20394K [0x00000000c0000000, 0x00000000c2880000, 0x00000000eaa80000)
  object space 41472K, 49% used [0x00000000c0000000,0x00000000c13eab88,0x00000000c2880000)
 PSPermGen       total 21504K, used 7473K [0x00000000bae00000, 0x00000000bc300000, 0x00000000c0000000)
  object space 21504K, 34% used [0x00000000bae00000,0x00000000bb54c6a8,0x00000000bc300000)
Event: 9.423 GC heap after
Heap after GC invocations=7 (full 0):
 PSYoungGen      total 71168K, used 9159K [0x00000000eaa80000, 0x00000000f3680000, 0x0000000100000000)
  eden space 60416K, 0% used [0x00000000eaa80000,0x00000000eaa80000,0x00000000ee580000)
  from space 10752K, 85% used [0x00000000ee580000,0x00000000eee71eb8,0x00000000ef000000)
  to   space 11264K, 0% used [0x00000000f2b80000,0x00000000f2b80000,0x00000000f3680000)
 ParOldGen       total 41472K, used 22314K [0x00000000c0000000, 0x00000000c2880000, 0x00000000eaa80000)
  object space 41472K, 53% used [0x00000000c0000000,0x00000000c15ca9d0,0x00000000c2880000)
 PSPermGen       total 21504K, used 7473K [0x00000000bae00000, 0x00000000bc300000, 0x00000000c0000000)
  object space 21504K, 34% used [0x00000000bae00000,0x00000000bb54c6a8,0x00000000bc300000)
}
Event: 9.863 GC heap before
{Heap before GC invocations=8 (full 0):
 PSYoungGen      total 71168K, used 69575K [0x00000000eaa80000, 0x00000000f3680000, 0x0000000100000000)
  eden space 60416K, 100% used [0x00000000eaa80000,0x00000000ee580000,0x00000000ee580000)
  from space 10752K, 85% used [0x00000000ee580000,0x00000000eee71eb8,0x00000000ef000000)
  to   space 11264K, 0% used [0x00000000f2b80000,0x00000000f2b80000,0x00000000f3680000)
 ParOldGen       total 41472K, used 22314K [0x00000000c0000000, 0x00000000c2880000, 0x00000000eaa80000)
  object space 41472K, 53% used [0x00000000c0000000,0x00000000c15ca9d0,0x00000000c2880000)
 PSPermGen       total 21504K, used 7578K [0x00000000bae00000, 0x00000000bc300000, 0x00000000c0000000)
  object space 21504K, 35% used [0x00000000bae00000,0x00000000bb566b20,0x00000000bc300000)
Event: 9.912 GC heap after
Heap after GC invocations=8 (full 0):
 PSYoungGen      total 130560K, used 11260K [0x00000000eaa80000, 0x00000000f3980000, 0x0000000100000000)
  eden space 119296K, 0% used [0x00000000eaa80000,0x00000000eaa80000,0x00000000f1f00000)
  from space 11264K, 99% used [0x00000000f2b80000,0x00000000f367f058,0x00000000f3680000)
  to   space 12800K, 0% used [0x00000000f1f00000,0x00000000f1f00000,0x00000000f2b80000)
 ParOldGen       total 41472K, used 22712K [0x00000000c0000000, 0x00000000c2880000, 0x00000000eaa80000)
  object space 41472K, 54% used [0x00000000c0000000,0x00000000c162e3b8,0x00000000c2880000)
 PSPermGen       total 21504K, used 7578K [0x00000000bae00000, 0x00000000bc300000, 0x00000000c0000000)
  object space 21504K, 35% used [0x00000000bae00000,0x00000000bb566b20,0x00000000bc300000)
}
Event: 10.676 GC heap before
{Heap before GC invocations=9 (full 0):
 PSYoungGen      total 130560K, used 130556K [0x00000000eaa80000, 0x00000000f3980000, 0x0000000100000000)
  eden space 119296K, 100% used [0x00000000eaa80000,0x00000000f1f00000,0x00000000f1f00000)
  from space 11264K, 99% used [0x00000000f2b80000,0x00000000f367f058,0x00000000f3680000)
  to   space 12800K, 0% used [0x00000000f1f00000,0x00000000f1f00000,0x00000000f2b80000)
 ParOldGen       total 41472K, used 22712K [0x00000000c0000000, 0x00000000c2880000, 0x00000000eaa80000)
  object space 41472K, 54% used [0x00000000c0000000,0x00000000c162e3b8,0x00000000c2880000)
 PSPermGen       total 21504K, used 7599K [0x00000000bae00000, 0x00000000bc300000, 0x00000000c0000000)
  object space 21504K, 35% used [0x00000000bae00000,0x00000000bb56bfc0,0x00000000bc300000)
Event: 10.694 GC heap after
Heap after GC invocations=9 (full 0):
 PSYoungGen      total 132096K, used 11414K [0x00000000eaa80000, 0x00000000f8000000, 0x0000000100000000)
  eden space 119296K, 0% used [0x00000000eaa80000,0x00000000eaa80000,0x00000000f1f00000)
  from space 12800K, 89% used [0x00000000f1f00000,0x00000000f2a25908,0x00000000f2b80000)
  to   space 13824K, 0% used [0x00000000f7280000,0x00000000f7280000,0x00000000f8000000)
 ParOldGen       total 41472K, used 27248K [0x00000000c0000000, 0x00000000c2880000, 0x00000000eaa80000)
  object space 41472K, 65% used [0x00000000c0000000,0x00000000c1a9c2d0,0x00000000c2880000)
 PSPermGen       total 21504K, used 7599K [0x00000000bae00000, 0x00000000bc300000, 0x00000000c0000000)
  object space 21504K, 35% used [0x00000000bae00000,0x00000000bb56bfc0,0x00000000bc300000)
}
Event: 11.087 GC heap before
{Heap before GC invocations=10 (full 0):
 PSYoungGen      total 132096K, used 130710K [0x00000000eaa80000, 0x00000000f8000000, 0x0000000100000000)
  eden space 119296K, 100% used [0x00000000eaa80000,0x00000000f1f00000,0x00000000f1f00000)
  from space 12800K, 89% used [0x00000000f1f00000,0x00000000f2a25908,0x00000000f2b80000)
  to   space 13824K, 0% used [0x00000000f7280000,0x00000000f7280000,0x00000000f8000000)
 ParOldGen       total 41472K, used 27248K [0x00000000c0000000, 0x00000000c2880000, 0x00000000eaa80000)
  object space 41472K, 65% used [0x00000000c0000000,0x00000000c1a9c2d0,0x00000000c2880000)
 PSPermGen       total 21504K, used 7613K [0x00000000bae00000, 0x00000000bc300000, 0x00000000c0000000)
  object space 21504K, 35% used [0x00000000bae00000,0x00000000bb56f540,0x00000000bc300000)
Event: 11.145 GC heap after
Heap after GC invocations=10 (full 0):
 PSYoungGen      total 203776K, used 11860K [0x00000000eaa80000, 0x00000000f8200000, 0x0000000100000000)
  eden space 189952K, 0% used [0x00000000eaa80000,0x00000000eaa80000,0x00000000f6400000)
  from space 13824K, 85% used [0x00000000f7280000,0x00000000f7e153c8,0x00000000f8000000)
  to   space 14848K, 0% used [0x00000000f6400000,0x00000000f6400000,0x00000000f7280000)
 ParOldGen       total 41472K, used 34259K [0x00000000c0000000, 0x00000000c2880000, 0x00000000eaa80000)
  object space 41472K, 82% used [0x00000000c0000000,0x00000000c2174d50,0x00000000c2880000)
 PSPermGen       total 21504K, used 7613K [0x00000000bae00000, 0x00000000bc300000, 0x00000000c0000000)
  object space 21504K, 35% used [0x00000000bae00000,0x00000000bb56f540,0x00000000bc300000)
}
Event: 11.927 GC heap before
{Heap before GC invocations=11 (full 0):
 PSYoungGen      total 203776K, used 200952K [0x00000000eaa80000, 0x00000000f8200000, 0x0000000100000000)
  eden space 189952K, 99% used [0x00000000eaa80000,0x00000000f6329000,0x00000000f6400000)
  from space 13824K, 85% used [0x00000000f7280000,0x00000000f7e153c8,0x00000000f8000000)
  to   space 14848K, 0% used [0x00000000f6400000,0x00000000f6400000,0x00000000f7280000)
 ParOldGen       total 41472K, used 34259K [0x00000000c0000000, 0x00000000c2880000, 0x00000000eaa80000)
  object space 41472K, 82% used [0x00000000c0000000,0x00000000c2174d50,0x00000000c2880000)
 PSPermGen       total 21504K, used 7614K [0x00000000bae00000, 0x00000000bc300000, 0x00000000c0000000)
  object space 21504K, 35% used [0x00000000bae00000,0x00000000bb56fb98,0x00000000bc300000)

