# JRE version: Java(TM) SE Runtime Environment (7.0_72-b14) (build 1.7.0_72-b14)
# Java VM: Java HotSpot(TM) 64-Bit Server VM (24.72-b04 mixed mode linux-amd64 compressed oops)
Heap
 PSYoungGen      total 227840K, used 17395K [0x00000000eaa80000, 0x00000000f9b00000, 0x0000000100000000)
  eden space 210432K, 0% used [0x00000000eaa80000,0x00000000eaa80000,0x00000000f7800000)
  from space 17408K, 99% used [0x00000000f7800000,0x00000000f88fcea0,0x00000000f8900000)
  to   space 17408K, 0% used [0x00000000f8900000,0x00000000f8900000,0x00000000f9a00000)
 ParOldGen       total 62464K, used 39593K [0x00000000c0000000, 0x00000000c3d00000, 0x00000000eaa80000)
  object space 62464K, 63% used [0x00000000c0000000,0x00000000c26aa628,0x00000000c3d00000)
 PSPermGen       total 21504K, used 7611K [0x00000000bae00000, 0x00000000bc300000, 0x00000000c0000000)
  object space 21504K, 35% used [0x00000000bae00000,0x00000000bb56eff8,0x00000000bc300000)
GC Heap History (10 events):
Event: 22.142 GC heap after
Heap after GC invocations=7 (full 1):
 PSYoungGen      total 105472K, used 4451K [0x00000000eaa80000, 0x00000000f3a80000, 0x0000000100000000)
  eden space 100864K, 0% used [0x00000000eaa80000,0x00000000eaa80000,0x00000000f0d00000)
  from space 4608K, 96% used [0x00000000f3600000,0x00000000f3a58f88,0x00000000f3a80000)
  to   space 15872K, 0% used [0x00000000f1b80000,0x00000000f1b80000,0x00000000f2b00000)
 ParOldGen       total 62464K, used 25622K [0x00000000c0000000, 0x00000000c3d00000, 0x00000000eaa80000)
  object space 62464K, 41% used [0x00000000c0000000,0x00000000c1905bf0,0x00000000c3d00000)
 PSPermGen       total 21504K, used 7482K [0x00000000bae00000, 0x00000000bc300000, 0x00000000c0000000)
  object space 21504K, 34% used [0x00000000bae00000,0x00000000bb54eb00,0x00000000bc300000)
}
Event: 23.862 GC heap before
{Heap before GC invocations=8 (full 1):
 PSYoungGen      total 105472K, used 105315K [0x00000000eaa80000, 0x00000000f3a80000, 0x0000000100000000)
  eden space 100864K, 100% used [0x00000000eaa80000,0x00000000f0d00000,0x00000000f0d00000)
  from space 4608K, 96% used [0x00000000f3600000,0x00000000f3a58f88,0x00000000f3a80000)
  to   space 15872K, 0% used [0x00000000f1b80000,0x00000000f1b80000,0x00000000f2b00000)
 ParOldGen       total 62464K, used 25622K [0x00000000c0000000, 0x00000000c3d00000, 0x00000000eaa80000)
  object space 62464K, 41% used [0x00000000c0000000,0x00000000c1905bf0,0x00000000c3d00000)
 PSPermGen       total 21504K, used 7579K [0x00000000bae00000, 0x00000000bc300000, 0x00000000c0000000)
  object space 21504K, 35% used [0x00000000bae00000,0x00000000bb566fd8,0x00000000bc300000)
Event: 23.886 GC heap after
Heap after GC invocations=8 (full 1):
 PSYoungGen      total 131584K, used 8885K [0x00000000eaa80000, 0x00000000f6180000, 0x0000000100000000)
  eden space 115712K, 0% used [0x00000000eaa80000,0x00000000eaa80000,0x00000000f1b80000)
  from space 15872K, 55% used [0x00000000f1b80000,0x00000000f242d428,0x00000000f2b00000)
  to   space 15360K, 0% used [0x00000000f5280000,0x00000000f5280000,0x00000000f6180000)
 ParOldGen       total 62464K, used 25622K [0x00000000c0000000, 0x00000000c3d00000, 0x00000000eaa80000)
  object space 62464K, 41% used [0x00000000c0000000,0x00000000c1905bf0,0x00000000c3d00000)
 PSPermGen       total 21504K, used 7579K [0x00000000bae00000, 0x00000000bc300000, 0x00000000c0000000)
  object space 21504K, 35% used [0x00000000bae00000,0x00000000bb566fd8,0x00000000bc300000)
}
Event: 24.723 GC heap before
{Heap before GC invocations=9 (full 1):
 PSYoungGen      total 131584K, used 124597K [0x00000000eaa80000, 0x00000000f6180000, 0x0000000100000000)
  eden space 115712K, 100% used [0x00000000eaa80000,0x00000000f1b80000,0x00000000f1b80000)
  from space 15872K, 55% used [0x00000000f1b80000,0x00000000f242d428,0x00000000f2b00000)
  to   space 15360K, 0% used [0x00000000f5280000,0x00000000f5280000,0x00000000f6180000)
 ParOldGen       total 62464K, used 25622K [0x00000000c0000000, 0x00000000c3d00000, 0x00000000eaa80000)
  object space 62464K, 41% used [0x00000000c0000000,0x00000000c1905bf0,0x00000000c3d00000)
 PSPermGen       total 21504K, used 7608K [0x00000000bae00000, 0x00000000bc300000, 0x00000000c0000000)
  object space 21504K, 35% used [0x00000000bae00000,0x00000000bb56e0c8,0x00000000bc300000)
Event: 24.756 GC heap after
Heap after GC invocations=9 (full 1):
 PSYoungGen      total 172544K, used 5199K [0x00000000eaa80000, 0x00000000f7980000, 0x0000000100000000)
  eden space 157184K, 0% used [0x00000000eaa80000,0x00000000eaa80000,0x00000000f4400000)
  from space 15360K, 33% used [0x00000000f5280000,0x00000000f5793ce0,0x00000000f6180000)
  to   space 14848K, 0% used [0x00000000f4400000,0x00000000f4400000,0x00000000f5280000)
 ParOldGen       total 62464K, used 25622K [0x00000000c0000000, 0x00000000c3d00000, 0x00000000eaa80000)
  object space 62464K, 41% used [0x00000000c0000000,0x00000000c1905bf0,0x00000000c3d00000)
 PSPermGen       total 21504K, used 7608K [0x00000000bae00000, 0x00000000bc300000, 0x00000000c0000000)
  object space 21504K, 35% used [0x00000000bae00000,0x00000000bb56e0c8,0x00000000bc300000)
}
Event: 25.760 GC heap before
{Heap before GC invocations=10 (full 1):
 PSYoungGen      total 172544K, used 162383K [0x00000000eaa80000, 0x00000000f7980000, 0x0000000100000000)
  eden space 157184K, 100% used [0x00000000eaa80000,0x00000000f4400000,0x00000000f4400000)
  from space 15360K, 33% used [0x00000000f5280000,0x00000000f5793ce0,0x00000000f6180000)
  to   space 14848K, 0% used [0x00000000f4400000,0x00000000f4400000,0x00000000f5280000)
 ParOldGen       total 62464K, used 25622K [0x00000000c0000000, 0x00000000c3d00000, 0x00000000eaa80000)
  object space 62464K, 41% used [0x00000000c0000000,0x00000000c1905bf0,0x00000000c3d00000)
 PSPermGen       total 21504K, used 7610K [0x00000000bae00000, 0x00000000bc300000, 0x00000000c0000000)
  object space 21504K, 35% used [0x00000000bae00000,0x00000000bb56e898,0x00000000bc300000)
Event: 25.783 GC heap after
Heap after GC invocations=10 (full 1):
 PSYoungGen      total 172032K, used 14834K [0x00000000eaa80000, 0x00000000f9a00000, 0x0000000100000000)
  eden space 157184K, 0% used [0x00000000eaa80000,0x00000000eaa80000,0x00000000f4400000)
  from space 14848K, 99% used [0x00000000f4400000,0x00000000f527c940,0x00000000f5280000)
  to   space 17408K, 0% used [0x00000000f8900000,0x00000000f8900000,0x00000000f9a00000)
 ParOldGen       total 62464K, used 26513K [0x00000000c0000000, 0x00000000c3d00000, 0x00000000eaa80000)
  object space 62464K, 42% used [0x00000000c0000000,0x00000000c19e47f0,0x00000000c3d00000)
 PSPermGen       total 21504K, used 7610K [0x00000000bae00000, 0x00000000bc300000, 0x00000000c0000000)
  object space 21504K, 35% used [0x00000000bae00000,0x00000000bb56e898,0x00000000bc300000)
}
Event: 26.616 GC heap before
{Heap before GC invocations=11 (full 1):
 PSYoungGen      total 172032K, used 170648K [0x00000000eaa80000, 0x00000000f9a00000, 0x0000000100000000)
  eden space 157184K, 99% used [0x00000000eaa80000,0x00000000f42a9798,0x00000000f4400000)
  from space 14848K, 99% used [0x00000000f4400000,0x00000000f527c940,0x00000000f5280000)
  to   space 17408K, 0% used [0x00000000f8900000,0x00000000f8900000,0x00000000f9a00000)
 ParOldGen       total 62464K, used 26513K [0x00000000c0000000, 0x00000000c3d00000, 0x00000000eaa80000)
  object space 62464K, 42% used [0x00000000c0000000,0x00000000c19e47f0,0x00000000c3d00000)
 PSPermGen       total 21504K, used 7610K [0x00000000bae00000, 0x00000000bc300000, 0x00000000c0000000)
  object space 21504K, 35% used [0x00000000bae00000,0x00000000bb56eb20,0x00000000bc300000)
Event: 26.645 GC heap after
Heap after GC invocations=11 (full 1):
 PSYoungGen      total 227840K, used 11517K [0x00000000eaa80000, 0x00000000f9b00000, 0x0000000100000000)
  eden space 210432K, 0% used [0x00000000eaa80000,0x00000000eaa80000,0x00000000f7800000)
  from space 17408K, 66% used [0x00000000f8900000,0x00000000f943f6b0,0x00000000f9a00000)
  to   space 17408K, 0% used [0x00000000f7800000,0x00000000f7800000,0x00000000f8900000)
 ParOldGen       total 62464K, used 26529K [0x00000000c0000000, 0x00000000c3d00000, 0x00000000eaa80000)
  object space 62464K, 42% used [0x00000000c0000000,0x00000000c19e87f0,0x00000000c3d00000)
 PSPermGen       total 21504K, used 7610K [0x00000000bae00000, 0x00000000bc300000, 0x00000000c0000000)
  object space 21504K, 35% used [0x00000000bae00000,0x00000000bb56eb20,0x00000000bc300000)
}
Event: 27.753 GC heap before
{Heap before GC invocations=12 (full 1):
 PSYoungGen      total 227840K, used 221949K [0x00000000eaa80000, 0x00000000f9b00000, 0x0000000100000000)
  eden space 210432K, 100% used [0x00000000eaa80000,0x00000000f7800000,0x00000000f7800000)
  from space 17408K, 66% used [0x00000000f8900000,0x00000000f943f6b0,0x00000000f9a00000)
  to   space 17408K, 0% used [0x00000000f7800000,0x00000000f7800000,0x00000000f8900000)
 ParOldGen       total 62464K, used 26529K [0x00000000c0000000, 0x00000000c3d00000, 0x00000000eaa80000)
  object space 62464K, 42% used [0x00000000c0000000,0x00000000c19e87f0,0x00000000c3d00000)
 PSPermGen       total 21504K, used 7611K [0x00000000bae00000, 0x00000000bc300000, 0x00000000c0000000)
  object space 21504K, 35% used [0x00000000bae00000,0x00000000bb56eff8,0x00000000bc300000)

