# JRE version: Java(TM) SE Runtime Environment (7.0_72-b14) (build 1.7.0_72-b14)
# Java VM: Java HotSpot(TM) 64-Bit Server VM (24.72-b04 mixed mode linux-amd64 compressed oops)
Heap
 PSYoungGen      total 207360K, used 12713K [0x00000000eaa80000, 0x00000000f8380000, 0x0000000100000000)
  eden space 192512K, 0% used [0x00000000eaa80000,0x00000000eaa80000,0x00000000f6680000)
  from space 14848K, 85% used [0x00000000f6680000,0x00000000f72ea578,0x00000000f7500000)
  to   space 14336K, 0% used [0x00000000f7580000,0x00000000f7580000,0x00000000f8380000)
 ParOldGen       total 41472K, used 32617K [0x00000000c0000000, 0x00000000c2880000, 0x00000000eaa80000)
  object space 41472K, 78% used [0x00000000c0000000,0x00000000c1fda5a0,0x00000000c2880000)
 PSPermGen       total 21504K, used 7616K [0x00000000bae00000, 0x00000000bc300000, 0x00000000c0000000)
  object space 21504K, 35% used [0x00000000bae00000,0x00000000bb570040,0x00000000bc300000)
GC Heap History (10 events):
Event: 5.010 GC heap after
Heap after GC invocations=6 (full 0):
 PSYoungGen      total 69120K, used 8189K [0x00000000eaa80000, 0x00000000efd80000, 0x0000000100000000)
  eden space 60928K, 0% used [0x00000000eaa80000,0x00000000eaa80000,0x00000000ee600000)
  from space 8192K, 99% used [0x00000000ef080000,0x00000000ef87f778,0x00000000ef880000)
  to   space 10752K, 0% used [0x00000000ee600000,0x00000000ee600000,0x00000000ef080000)
 ParOldGen       total 41472K, used 19871K [0x00000000c0000000, 0x00000000c2880000, 0x00000000eaa80000)
  object space 41472K, 47% used [0x00000000c0000000,0x00000000c1367dc8,0x00000000c2880000)
 PSPermGen       total 21504K, used 5837K [0x00000000bae00000, 0x00000000bc300000, 0x00000000c0000000)
  object space 21504K, 27% used [0x00000000bae00000,0x00000000bb3b3498,0x00000000bc300000)
}
Event: 8.540 GC heap before
{Heap before GC invocations=7 (full 0):
 PSYoungGen      total 69120K, used 69117K [0x00000000eaa80000, 0x00000000efd80000, 0x0000000100000000)
  eden space 60928K, 100% used [0x00000000eaa80000,0x00000000ee600000,0x00000000ee600000)
  from space 8192K, 99% used [0x00000000ef080000,0x00000000ef87f778,0x00000000ef880000)
  to   space 10752K, 0% used [0x00000000ee600000,0x00000000ee600000,0x00000000ef080000)
 ParOldGen       total 41472K, used 19871K [0x00000000c0000000, 0x00000000c2880000, 0x00000000eaa80000)
  object space 41472K, 47% used [0x00000000c0000000,0x00000000c1367dc8,0x00000000c2880000)
 PSPermGen       total 21504K, used 7474K [0x00000000bae00000, 0x00000000bc300000, 0x00000000c0000000)
  object space 21504K, 34% used [0x00000000bae00000,0x00000000bb54c9f0,0x00000000bc300000)
Event: 8.564 GC heap after
Heap after GC invocations=7 (full 0):
 PSYoungGen      total 71680K, used 10739K [0x00000000eaa80000, 0x00000000f3c80000, 0x0000000100000000)
  eden space 60928K, 0% used [0x00000000eaa80000,0x00000000eaa80000,0x00000000ee600000)
  from space 10752K, 99% used [0x00000000ee600000,0x00000000ef07cc38,0x00000000ef080000)
  to   space 13824K, 0% used [0x00000000f2f00000,0x00000000f2f00000,0x00000000f3c80000)
 ParOldGen       total 41472K, used 22735K [0x00000000c0000000, 0x00000000c2880000, 0x00000000eaa80000)
  object space 41472K, 54% used [0x00000000c0000000,0x00000000c1633e80,0x00000000c2880000)
 PSPermGen       total 21504K, used 7474K [0x00000000bae00000, 0x00000000bc300000, 0x00000000c0000000)
  object space 21504K, 34% used [0x00000000bae00000,0x00000000bb54c9f0,0x00000000bc300000)
}
Event: 8.963 GC heap before
{Heap before GC invocations=8 (full 0):
 PSYoungGen      total 71680K, used 71667K [0x00000000eaa80000, 0x00000000f3c80000, 0x0000000100000000)
  eden space 60928K, 100% used [0x00000000eaa80000,0x00000000ee600000,0x00000000ee600000)
  from space 10752K, 99% used [0x00000000ee600000,0x00000000ef07cc38,0x00000000ef080000)
  to   space 13824K, 0% used [0x00000000f2f00000,0x00000000f2f00000,0x00000000f3c80000)
 ParOldGen       total 41472K, used 22735K [0x00000000c0000000, 0x00000000c2880000, 0x00000000eaa80000)
  object space 41472K, 54% used [0x00000000c0000000,0x00000000c1633e80,0x00000000c2880000)
 PSPermGen       total 21504K, used 7580K [0x00000000bae00000, 0x00000000bc300000, 0x00000000c0000000)
  object space 21504K, 35% used [0x00000000bae00000,0x00000000bb567080,0x00000000bc300000)
Event: 8.979 GC heap after
Heap after GC invocations=8 (full 0):
 PSYoungGen      total 134144K, used 13694K [0x00000000eaa80000, 0x00000000f3f80000, 0x0000000100000000)
  eden space 120320K, 0% used [0x00000000eaa80000,0x00000000eaa80000,0x00000000f2000000)
  from space 13824K, 99% used [0x00000000f2f00000,0x00000000f3c5f980,0x00000000f3c80000)
  to   space 15360K, 0% used [0x00000000f2000000,0x00000000f2000000,0x00000000f2f00000)
 ParOldGen       total 41472K, used 24659K [0x00000000c0000000, 0x00000000c2880000, 0x00000000eaa80000)
  object space 41472K, 59% used [0x00000000c0000000,0x00000000c1814e58,0x00000000c2880000)
 PSPermGen       total 21504K, used 7580K [0x00000000bae00000, 0x00000000bc300000, 0x00000000c0000000)
  object space 21504K, 35% used [0x00000000bae00000,0x00000000bb567080,0x00000000bc300000)
}
Event: 9.600 GC heap before
{Heap before GC invocations=9 (full 0):
 PSYoungGen      total 134144K, used 134014K [0x00000000eaa80000, 0x00000000f3f80000, 0x0000000100000000)
  eden space 120320K, 100% used [0x00000000eaa80000,0x00000000f2000000,0x00000000f2000000)
  from space 13824K, 99% used [0x00000000f2f00000,0x00000000f3c5f980,0x00000000f3c80000)
  to   space 15360K, 0% used [0x00000000f2000000,0x00000000f2000000,0x00000000f2f00000)
 ParOldGen       total 41472K, used 24659K [0x00000000c0000000, 0x00000000c2880000, 0x00000000eaa80000)
  object space 41472K, 59% used [0x00000000c0000000,0x00000000c1814e58,0x00000000c2880000)
 PSPermGen       total 21504K, used 7601K [0x00000000bae00000, 0x00000000bc300000, 0x00000000c0000000)
  object space 21504K, 35% used [0x00000000bae00000,0x00000000bb56c468,0x00000000bc300000)
Event: 9.612 GC heap after
Heap after GC invocations=9 (full 0):
 PSYoungGen      total 135680K, used 5924K [0x00000000eaa80000, 0x00000000f8480000, 0x0000000100000000)
  eden space 120320K, 0% used [0x00000000eaa80000,0x00000000eaa80000,0x00000000f2000000)
  from space 15360K, 38% used [0x00000000f2000000,0x00000000f25c9338,0x00000000f2f00000)
  to   space 15360K, 0% used [0x00000000f7580000,0x00000000f7580000,0x00000000f8480000)
 ParOldGen       total 41472K, used 29377K [0x00000000c0000000, 0x00000000c2880000, 0x00000000eaa80000)
  object space 41472K, 70% used [0x00000000c0000000,0x00000000c1cb0568,0x00000000c2880000)
 PSPermGen       total 21504K, used 7601K [0x00000000bae00000, 0x00000000bc300000, 0x00000000c0000000)
  object space 21504K, 35% used [0x00000000bae00000,0x00000000bb56c468,0x00000000bc300000)
}
Event: 10.025 GC heap before
{Heap before GC invocations=10 (full 0):
 PSYoungGen      total 135680K, used 126244K [0x00000000eaa80000, 0x00000000f8480000, 0x0000000100000000)
  eden space 120320K, 100% used [0x00000000eaa80000,0x00000000f2000000,0x00000000f2000000)
  from space 15360K, 38% used [0x00000000f2000000,0x00000000f25c9338,0x00000000f2f00000)
  to   space 15360K, 0% used [0x00000000f7580000,0x00000000f7580000,0x00000000f8480000)
 ParOldGen       total 41472K, used 29377K [0x00000000c0000000, 0x00000000c2880000, 0x00000000eaa80000)
  object space 41472K, 70% used [0x00000000c0000000,0x00000000c1cb0568,0x00000000c2880000)
 PSPermGen       total 21504K, used 7614K [0x00000000bae00000, 0x00000000bc300000, 0x00000000c0000000)
  object space 21504K, 35% used [0x00000000bae00000,0x00000000bb56f9e8,0x00000000bc300000)
Event: 10.037 GC heap after
Heap after GC invocations=10 (full 0):
 PSYoungGen      total 206848K, used 5914K [0x00000000eaa80000, 0x00000000f8380000, 0x0000000100000000)
  eden space 192512K, 0% used [0x00000000eaa80000,0x00000000eaa80000,0x00000000f6680000)
  from space 14336K, 41% used [0x00000000f7580000,0x00000000f7b46ac8,0x00000000f8380000)
  to   space 14848K, 0% used [0x00000000f6680000,0x00000000f6680000,0x00000000f7500000)
 ParOldGen       total 41472K, used 32617K [0x00000000c0000000, 0x00000000c2880000, 0x00000000eaa80000)
  object space 41472K, 78% used [0x00000000c0000000,0x00000000c1fda5a0,0x00000000c2880000)
 PSPermGen       total 21504K, used 7614K [0x00000000bae00000, 0x00000000bc300000, 0x00000000c0000000)
  object space 21504K, 35% used [0x00000000bae00000,0x00000000bb56f9e8,0x00000000bc300000)
}
Event: 10.686 GC heap before
{Heap before GC invocations=11 (full 0):
 PSYoungGen      total 206848K, used 198426K [0x00000000eaa80000, 0x00000000f8380000, 0x0000000100000000)
  eden space 192512K, 100% used [0x00000000eaa80000,0x00000000f6680000,0x00000000f6680000)
  from space 14336K, 41% used [0x00000000f7580000,0x00000000f7b46ac8,0x00000000f8380000)
  to   space 14848K, 0% used [0x00000000f6680000,0x00000000f6680000,0x00000000f7500000)
 ParOldGen       total 41472K, used 32617K [0x00000000c0000000, 0x00000000c2880000, 0x00000000eaa80000)
  object space 41472K, 78% used [0x00000000c0000000,0x00000000c1fda5a0,0x00000000c2880000)
 PSPermGen       total 21504K, used 7616K [0x00000000bae00000, 0x00000000bc300000, 0x00000000c0000000)
  object space 21504K, 35% used [0x00000000bae00000,0x00000000bb570040,0x00000000bc300000)

