# JRE version: Java(TM) SE Runtime Environment (7.0_72-b14) (build 1.7.0_72-b14)
# Java VM: Java HotSpot(TM) 64-Bit Server VM (24.72-b04 mixed mode linux-amd64 compressed oops)
Heap
 PSYoungGen      total 231936K, used 67056K [0x00000000eaa80000, 0x00000000fe300000, 0x0000000100000000)
  eden space 164864K, 0% used [0x00000000eaa80000,0x00000000eaa80000,0x00000000f4b80000)
  from space 67072K, 99% used [0x00000000fa180000,0x00000000fe2fc220,0x00000000fe300000)
  to   space 64000K, 0% used [0x00000000f4b80000,0x00000000f4b80000,0x00000000f8a00000)
 ParOldGen       total 161792K, used 115665K [0x00000000c0000000, 0x00000000c9e00000, 0x00000000eaa80000)
  object space 161792K, 71% used [0x00000000c0000000,0x00000000c70f4520,0x00000000c9e00000)
 PSPermGen       total 21504K, used 5894K [0x00000000bae00000, 0x00000000bc300000, 0x00000000c0000000)
  object space 21504K, 27% used [0x00000000bae00000,0x00000000bb3c1ae0,0x00000000bc300000)
GC Heap History (10 events):
Event: 27.924 GC heap after
Heap after GC invocations=9 (full 0):
 PSYoungGen      total 139776K, used 18929K [0x00000000eaa80000, 0x00000000fc880000, 0x0000000100000000)
  eden space 120832K, 0% used [0x00000000eaa80000,0x00000000eaa80000,0x00000000f2080000)
  from space 18944K, 99% used [0x00000000f2080000,0x00000000f32fc550,0x00000000f3300000)
  to   space 49664K, 0% used [0x00000000f9800000,0x00000000f9800000,0x00000000fc880000)
 ParOldGen       total 99328K, used 99279K [0x00000000c0000000, 0x00000000c6100000, 0x00000000eaa80000)
  object space 99328K, 99% used [0x00000000c0000000,0x00000000c60f3f68,0x00000000c6100000)
 PSPermGen       total 21504K, used 5878K [0x00000000bae00000, 0x00000000bc300000, 0x00000000c0000000)
  object space 21504K, 27% used [0x00000000bae00000,0x00000000bb3bdba0,0x00000000bc300000)
}
Event: 27.924 GC heap before
{Heap before GC invocations=10 (full 1):
 PSYoungGen      total 139776K, used 18929K [0x00000000eaa80000, 0x00000000fc880000, 0x0000000100000000)
  eden space 120832K, 0% used [0x00000000eaa80000,0x00000000eaa80000,0x00000000f2080000)
  from space 18944K, 99% used [0x00000000f2080000,0x00000000f32fc550,0x00000000f3300000)
  to   space 49664K, 0% used [0x00000000f9800000,0x00000000f9800000,0x00000000fc880000)
 ParOldGen       total 99328K, used 99279K [0x00000000c0000000, 0x00000000c6100000, 0x00000000eaa80000)
  object space 99328K, 99% used [0x00000000c0000000,0x00000000c60f3f68,0x00000000c6100000)
 PSPermGen       total 21504K, used 5878K [0x00000000bae00000, 0x00000000bc300000, 0x00000000c0000000)
  object space 21504K, 27% used [0x00000000bae00000,0x00000000bb3bdba0,0x00000000bc300000)
Event: 31.055 GC heap after
Heap after GC invocations=10 (full 1):
 PSYoungGen      total 139776K, used 8326K [0x00000000eaa80000, 0x00000000fc880000, 0x0000000100000000)
  eden space 120832K, 0% used [0x00000000eaa80000,0x00000000eaa80000,0x00000000f2080000)
  from space 18944K, 43% used [0x00000000f2080000,0x00000000f28a1b78,0x00000000f3300000)
  to   space 49664K, 0% used [0x00000000f9800000,0x00000000f9800000,0x00000000fc880000)
 ParOldGen       total 160768K, used 98991K [0x00000000c0000000, 0x00000000c9d00000, 0x00000000eaa80000)
  object space 160768K, 61% used [0x00000000c0000000,0x00000000c60abfe0,0x00000000c9d00000)
 PSPermGen       total 21504K, used 5876K [0x00000000bae00000, 0x00000000bc300000, 0x00000000c0000000)
  object space 21504K, 27% used [0x00000000bae00000,0x00000000bb3bd210,0x00000000bc300000)
}
Event: 31.954 GC heap before
{Heap before GC invocations=11 (full 1):
 PSYoungGen      total 139776K, used 129158K [0x00000000eaa80000, 0x00000000fc880000, 0x0000000100000000)
  eden space 120832K, 100% used [0x00000000eaa80000,0x00000000f2080000,0x00000000f2080000)
  from space 18944K, 43% used [0x00000000f2080000,0x00000000f28a1b78,0x00000000f3300000)
  to   space 49664K, 0% used [0x00000000f9800000,0x00000000f9800000,0x00000000fc880000)
 ParOldGen       total 160768K, used 98991K [0x00000000c0000000, 0x00000000c9d00000, 0x00000000eaa80000)
  object space 160768K, 61% used [0x00000000c0000000,0x00000000c60abfe0,0x00000000c9d00000)
 PSPermGen       total 21504K, used 5886K [0x00000000bae00000, 0x00000000bc300000, 0x00000000c0000000)
  object space 21504K, 27% used [0x00000000bae00000,0x00000000bb3bfab0,0x00000000bc300000)
Event: 32.483 GC heap after
Heap after GC invocations=11 (full 1):
 PSYoungGen      total 199168K, used 49657K [0x00000000eaa80000, 0x00000000fc880000, 0x0000000100000000)
  eden space 149504K, 0% used [0x00000000eaa80000,0x00000000eaa80000,0x00000000f3c80000)
  from space 49664K, 99% used [0x00000000f9800000,0x00000000fc87e568,0x00000000fc880000)
  to   space 64000K, 0% used [0x00000000f4b80000,0x00000000f4b80000,0x00000000f8a00000)
 ParOldGen       total 160768K, used 114015K [0x00000000c0000000, 0x00000000c9d00000, 0x00000000eaa80000)
  object space 160768K, 70% used [0x00000000c0000000,0x00000000c6f57fe0,0x00000000c9d00000)
 PSPermGen       total 21504K, used 5886K [0x00000000bae00000, 0x00000000bc300000, 0x00000000c0000000)
  object space 21504K, 27% used [0x00000000bae00000,0x00000000bb3bfab0,0x00000000bc300000)
}
Event: 38.090 GC heap before
{Heap before GC invocations=12 (full 1):
 PSYoungGen      total 199168K, used 199161K [0x00000000eaa80000, 0x00000000fc880000, 0x0000000100000000)
  eden space 149504K, 100% used [0x00000000eaa80000,0x00000000f3c80000,0x00000000f3c80000)
  from space 49664K, 99% used [0x00000000f9800000,0x00000000fc87e568,0x00000000fc880000)
  to   space 64000K, 0% used [0x00000000f4b80000,0x00000000f4b80000,0x00000000f8a00000)
 ParOldGen       total 160768K, used 114015K [0x00000000c0000000, 0x00000000c9d00000, 0x00000000eaa80000)
  object space 160768K, 70% used [0x00000000c0000000,0x00000000c6f57fe0,0x00000000c9d00000)
 PSPermGen       total 21504K, used 5895K [0x00000000bae00000, 0x00000000bc300000, 0x00000000c0000000)
  object space 21504K, 27% used [0x00000000bae00000,0x00000000bb3c1c28,0x00000000bc300000)
Event: 38.587 GC heap after
Heap after GC invocations=12 (full 1):
 PSYoungGen      total 228864K, used 41991K [0x00000000eaa80000, 0x00000000fe300000, 0x0000000100000000)
  eden space 164864K, 0% used [0x00000000eaa80000,0x00000000eaa80000,0x00000000f4b80000)
  from space 64000K, 65% used [0x00000000f4b80000,0x00000000f7481c58,0x00000000f8a00000)
  to   space 67072K, 0% used [0x00000000fa180000,0x00000000fa180000,0x00000000fe300000)
 ParOldGen       total 160768K, used 159170K [0x00000000c0000000, 0x00000000c9d00000, 0x00000000eaa80000)
  object space 160768K, 99% used [0x00000000c0000000,0x00000000c9b70a40,0x00000000c9d00000)
 PSPermGen       total 21504K, used 5895K [0x00000000bae00000, 0x00000000bc300000, 0x00000000c0000000)
  object space 21504K, 27% used [0x00000000bae00000,0x00000000bb3c1c28,0x00000000bc300000)
}
Event: 38.587 GC heap before
{Heap before GC invocations=13 (full 2):
 PSYoungGen      total 228864K, used 41991K [0x00000000eaa80000, 0x00000000fe300000, 0x0000000100000000)
  eden space 164864K, 0% used [0x00000000eaa80000,0x00000000eaa80000,0x00000000f4b80000)
  from space 64000K, 65% used [0x00000000f4b80000,0x00000000f7481c58,0x00000000f8a00000)
  to   space 67072K, 0% used [0x00000000fa180000,0x00000000fa180000,0x00000000fe300000)
 ParOldGen       total 160768K, used 159170K [0x00000000c0000000, 0x00000000c9d00000, 0x00000000eaa80000)
  object space 160768K, 99% used [0x00000000c0000000,0x00000000c9b70a40,0x00000000c9d00000)
 PSPermGen       total 21504K, used 5895K [0x00000000bae00000, 0x00000000bc300000, 0x00000000c0000000)
  object space 21504K, 27% used [0x00000000bae00000,0x00000000bb3c1c28,0x00000000bc300000)
Event: 39.760 GC heap after
Heap after GC invocations=13 (full 2):
 PSYoungGen      total 228864K, used 0K [0x00000000eaa80000, 0x00000000fe300000, 0x0000000100000000)
  eden space 164864K, 0% used [0x00000000eaa80000,0x00000000eaa80000,0x00000000f4b80000)
  from space 64000K, 0% used [0x00000000f4b80000,0x00000000f4b80000,0x00000000f8a00000)
  to   space 67072K, 0% used [0x00000000fa180000,0x00000000fa180000,0x00000000fe300000)
 ParOldGen       total 161792K, used 73251K [0x00000000c0000000, 0x00000000c9e00000, 0x00000000eaa80000)
  object space 161792K, 45% used [0x00000000c0000000,0x00000000c4788fb0,0x00000000c9e00000)
 PSPermGen       total 21504K, used 5893K [0x00000000bae00000, 0x00000000bc300000, 0x00000000c0000000)
  object space 21504K, 27% used [0x00000000bae00000,0x00000000bb3c16a8,0x00000000bc300000)
}
Event: 43.511 GC heap before
{Heap before GC invocations=14 (full 2):
 PSYoungGen      total 228864K, used 164864K [0x00000000eaa80000, 0x00000000fe300000, 0x0000000100000000)
  eden space 164864K, 100% used [0x00000000eaa80000,0x00000000f4b80000,0x00000000f4b80000)
  from space 64000K, 0% used [0x00000000f4b80000,0x00000000f4b80000,0x00000000f8a00000)
  to   space 67072K, 0% used [0x00000000fa180000,0x00000000fa180000,0x00000000fe300000)
 ParOldGen       total 161792K, used 73251K [0x00000000c0000000, 0x00000000c9e00000, 0x00000000eaa80000)
  object space 161792K, 45% used [0x00000000c0000000,0x00000000c4788fb0,0x00000000c9e00000)
 PSPermGen       total 21504K, used 5894K [0x00000000bae00000, 0x00000000bc300000, 0x00000000c0000000)
  object space 21504K, 27% used [0x00000000bae00000,0x00000000bb3c1ae0,0x00000000bc300000)

