# JRE version: Java(TM) SE Runtime Environment (7.0_72-b14) (build 1.7.0_72-b14)
# Java VM: Java HotSpot(TM) 64-Bit Server VM (24.72-b04 mixed mode linux-amd64 compressed oops)
Heap
 PSYoungGen      total 209408K, used 11975K [0x00000000eaa80000, 0x00000000f8380000, 0x0000000100000000)
  eden space 196608K, 0% used [0x00000000eaa80000,0x00000000eaa80000,0x00000000f6a80000)
  from space 12800K, 93% used [0x00000000f6a80000,0x00000000f7631ec0,0x00000000f7700000)
  to   space 12288K, 0% used [0x00000000f7780000,0x00000000f7780000,0x00000000f8380000)
 ParOldGen       total 41472K, used 29622K [0x00000000c0000000, 0x00000000c2880000, 0x00000000eaa80000)
  object space 41472K, 71% used [0x00000000c0000000,0x00000000c1cedbd8,0x00000000c2880000)
 PSPermGen       total 21504K, used 7610K [0x00000000bae00000, 0x00000000bc300000, 0x00000000c0000000)
  object space 21504K, 35% used [0x00000000bae00000,0x00000000bb56e810,0x00000000bc300000)
GC Heap History (10 events):
Event: 15.366 GC heap after
Heap after GC invocations=6 (full 0):
 PSYoungGen      total 70144K, used 8686K [0x00000000eaa80000, 0x00000000efd80000, 0x0000000100000000)
  eden space 61440K, 0% used [0x00000000eaa80000,0x00000000eaa80000,0x00000000ee680000)
  from space 8704K, 99% used [0x00000000ef100000,0x00000000ef97ba50,0x00000000ef980000)
  to   space 10752K, 0% used [0x00000000ee680000,0x00000000ee680000,0x00000000ef100000)
 ParOldGen       total 41472K, used 19595K [0x00000000c0000000, 0x00000000c2880000, 0x00000000eaa80000)
  object space 41472K, 47% used [0x00000000c0000000,0x00000000c1322f70,0x00000000c2880000)
 PSPermGen       total 21504K, used 6068K [0x00000000bae00000, 0x00000000bc300000, 0x00000000c0000000)
  object space 21504K, 28% used [0x00000000bae00000,0x00000000bb3ed100,0x00000000bc300000)
}
Event: 18.616 GC heap before
{Heap before GC invocations=7 (full 0):
 PSYoungGen      total 70144K, used 70126K [0x00000000eaa80000, 0x00000000efd80000, 0x0000000100000000)
  eden space 61440K, 100% used [0x00000000eaa80000,0x00000000ee680000,0x00000000ee680000)
  from space 8704K, 99% used [0x00000000ef100000,0x00000000ef97ba50,0x00000000ef980000)
  to   space 10752K, 0% used [0x00000000ee680000,0x00000000ee680000,0x00000000ef100000)
 ParOldGen       total 41472K, used 19595K [0x00000000c0000000, 0x00000000c2880000, 0x00000000eaa80000)
  object space 41472K, 47% used [0x00000000c0000000,0x00000000c1322f70,0x00000000c2880000)
 PSPermGen       total 21504K, used 7476K [0x00000000bae00000, 0x00000000bc300000, 0x00000000c0000000)
  object space 21504K, 34% used [0x00000000bae00000,0x00000000bb54d0c0,0x00000000bc300000)
Event: 18.673 GC heap after
Heap after GC invocations=7 (full 0):
 PSYoungGen      total 72192K, used 10736K [0x00000000eaa80000, 0x00000000f3d80000, 0x0000000100000000)
  eden space 61440K, 0% used [0x00000000eaa80000,0x00000000eaa80000,0x00000000ee680000)
  from space 10752K, 99% used [0x00000000ee680000,0x00000000ef0fc178,0x00000000ef100000)
  to   space 13824K, 0% used [0x00000000f3000000,0x00000000f3000000,0x00000000f3d80000)
 ParOldGen       total 41472K, used 22593K [0x00000000c0000000, 0x00000000c2880000, 0x00000000eaa80000)
  object space 41472K, 54% used [0x00000000c0000000,0x00000000c1610488,0x00000000c2880000)
 PSPermGen       total 21504K, used 7476K [0x00000000bae00000, 0x00000000bc300000, 0x00000000c0000000)
  object space 21504K, 34% used [0x00000000bae00000,0x00000000bb54d0c0,0x00000000bc300000)
}
Event: 19.088 GC heap before
{Heap before GC invocations=8 (full 0):
 PSYoungGen      total 72192K, used 72176K [0x00000000eaa80000, 0x00000000f3d80000, 0x0000000100000000)
  eden space 61440K, 100% used [0x00000000eaa80000,0x00000000ee680000,0x00000000ee680000)
  from space 10752K, 99% used [0x00000000ee680000,0x00000000ef0fc178,0x00000000ef100000)
  to   space 13824K, 0% used [0x00000000f3000000,0x00000000f3000000,0x00000000f3d80000)
 ParOldGen       total 41472K, used 22593K [0x00000000c0000000, 0x00000000c2880000, 0x00000000eaa80000)
  object space 41472K, 54% used [0x00000000c0000000,0x00000000c1610488,0x00000000c2880000)
 PSPermGen       total 21504K, used 7573K [0x00000000bae00000, 0x00000000bc300000, 0x00000000c0000000)
  object space 21504K, 35% used [0x00000000bae00000,0x00000000bb565750,0x00000000bc300000)
Event: 19.117 GC heap after
Heap after GC invocations=8 (full 0):
 PSYoungGen      total 135680K, used 7947K [0x00000000eaa80000, 0x00000000f3c80000, 0x0000000100000000)
  eden space 122880K, 0% used [0x00000000eaa80000,0x00000000eaa80000,0x00000000f2280000)
  from space 12800K, 62% used [0x00000000f3000000,0x00000000f37c2df8,0x00000000f3c80000)
  to   space 13312K, 0% used [0x00000000f2280000,0x00000000f2280000,0x00000000f2f80000)
 ParOldGen       total 41472K, used 23065K [0x00000000c0000000, 0x00000000c2880000, 0x00000000eaa80000)
  object space 41472K, 55% used [0x00000000c0000000,0x00000000c16867b8,0x00000000c2880000)
 PSPermGen       total 21504K, used 7573K [0x00000000bae00000, 0x00000000bc300000, 0x00000000c0000000)
  object space 21504K, 35% used [0x00000000bae00000,0x00000000bb565750,0x00000000bc300000)
}
Event: 19.731 GC heap before
{Heap before GC invocations=9 (full 0):
 PSYoungGen      total 135680K, used 130827K [0x00000000eaa80000, 0x00000000f3c80000, 0x0000000100000000)
  eden space 122880K, 100% used [0x00000000eaa80000,0x00000000f2280000,0x00000000f2280000)
  from space 12800K, 62% used [0x00000000f3000000,0x00000000f37c2df8,0x00000000f3c80000)
  to   space 13312K, 0% used [0x00000000f2280000,0x00000000f2280000,0x00000000f2f80000)
 ParOldGen       total 41472K, used 23065K [0x00000000c0000000, 0x00000000c2880000, 0x00000000eaa80000)
  object space 41472K, 55% used [0x00000000c0000000,0x00000000c16867b8,0x00000000c2880000)
 PSPermGen       total 21504K, used 7601K [0x00000000bae00000, 0x00000000bc300000, 0x00000000c0000000)
  object space 21504K, 35% used [0x00000000bae00000,0x00000000bb56c448,0x00000000bc300000)
Event: 19.743 GC heap after
Heap after GC invocations=9 (full 0):
 PSYoungGen      total 136192K, used 4004K [0x00000000eaa80000, 0x00000000f8480000, 0x0000000100000000)
  eden space 122880K, 0% used [0x00000000eaa80000,0x00000000eaa80000,0x00000000f2280000)
  from space 13312K, 30% used [0x00000000f2280000,0x00000000f26692e0,0x00000000f2f80000)
  to   space 13312K, 0% used [0x00000000f7780000,0x00000000f7780000,0x00000000f8480000)
 ParOldGen       total 41472K, used 28703K [0x00000000c0000000, 0x00000000c2880000, 0x00000000eaa80000)
  object space 41472K, 69% used [0x00000000c0000000,0x00000000c1c07d68,0x00000000c2880000)
 PSPermGen       total 21504K, used 7601K [0x00000000bae00000, 0x00000000bc300000, 0x00000000c0000000)
  object space 21504K, 35% used [0x00000000bae00000,0x00000000bb56c448,0x00000000bc300000)
}
Event: 20.118 GC heap before
{Heap before GC invocations=10 (full 0):
 PSYoungGen      total 136192K, used 125274K [0x00000000eaa80000, 0x00000000f8480000, 0x0000000100000000)
  eden space 122880K, 98% used [0x00000000eaa80000,0x00000000f20ed5d0,0x00000000f2280000)
  from space 13312K, 30% used [0x00000000f2280000,0x00000000f26692e0,0x00000000f2f80000)
  to   space 13312K, 0% used [0x00000000f7780000,0x00000000f7780000,0x00000000f8480000)
 ParOldGen       total 41472K, used 28703K [0x00000000c0000000, 0x00000000c2880000, 0x00000000eaa80000)
  object space 41472K, 69% used [0x00000000c0000000,0x00000000c1c07d68,0x00000000c2880000)
 PSPermGen       total 21504K, used 7608K [0x00000000bae00000, 0x00000000bc300000, 0x00000000c0000000)
  object space 21504K, 35% used [0x00000000bae00000,0x00000000bb56e2a0,0x00000000bc300000)
Event: 20.162 GC heap after
Heap after GC invocations=10 (full 0):
 PSYoungGen      total 208896K, used 6694K [0x00000000eaa80000, 0x00000000f8380000, 0x0000000100000000)
  eden space 196608K, 0% used [0x00000000eaa80000,0x00000000eaa80000,0x00000000f6a80000)
  from space 12288K, 54% used [0x00000000f7780000,0x00000000f7e09b50,0x00000000f8380000)
  to   space 12800K, 0% used [0x00000000f6a80000,0x00000000f6a80000,0x00000000f7700000)
 ParOldGen       total 41472K, used 29622K [0x00000000c0000000, 0x00000000c2880000, 0x00000000eaa80000)
  object space 41472K, 71% used [0x00000000c0000000,0x00000000c1cedbd8,0x00000000c2880000)
 PSPermGen       total 21504K, used 7608K [0x00000000bae00000, 0x00000000bc300000, 0x00000000c0000000)
  object space 21504K, 35% used [0x00000000bae00000,0x00000000bb56e2a0,0x00000000bc300000)
}
Event: 20.754 GC heap before
{Heap before GC invocations=11 (full 0):
 PSYoungGen      total 208896K, used 203302K [0x00000000eaa80000, 0x00000000f8380000, 0x0000000100000000)
  eden space 196608K, 100% used [0x00000000eaa80000,0x00000000f6a80000,0x00000000f6a80000)
  from space 12288K, 54% used [0x00000000f7780000,0x00000000f7e09b50,0x00000000f8380000)
  to   space 12800K, 0% used [0x00000000f6a80000,0x00000000f6a80000,0x00000000f7700000)
 ParOldGen       total 41472K, used 29622K [0x00000000c0000000, 0x00000000c2880000, 0x00000000eaa80000)
  object space 41472K, 71% used [0x00000000c0000000,0x00000000c1cedbd8,0x00000000c2880000)
 PSPermGen       total 21504K, used 7610K [0x00000000bae00000, 0x00000000bc300000, 0x00000000c0000000)
  object space 21504K, 35% used [0x00000000bae00000,0x00000000bb56e810,0x00000000bc300000)

