# JRE version: Java(TM) SE Runtime Environment (7.0_72-b14) (build 1.7.0_72-b14)
# Java VM: Java HotSpot(TM) 64-Bit Server VM (24.72-b04 mixed mode linux-amd64 compressed oops)
Heap
 PSYoungGen      total 266240K, used 12267K [0x00000000eaa80000, 0x00000000fba80000, 0x0000000100000000)
  eden space 253952K, 0% used [0x00000000eaa80000,0x00000000eaa80000,0x00000000fa280000)
  from space 12288K, 99% used [0x00000000fa280000,0x00000000fae7ade0,0x00000000fae80000)
  to   space 11776K, 0% used [0x00000000faf00000,0x00000000faf00000,0x00000000fba80000)
 ParOldGen       total 41472K, used 37734K [0x00000000c0000000, 0x00000000c2880000, 0x00000000eaa80000)
  object space 41472K, 90% used [0x00000000c0000000,0x00000000c24d9ba0,0x00000000c2880000)
 PSPermGen       total 21504K, used 7606K [0x00000000bae00000, 0x00000000bc300000, 0x00000000c0000000)
  object space 21504K, 35% used [0x00000000bae00000,0x00000000bb56db60,0x00000000bc300000)
GC Heap History (10 events):
Event: 4.363 GC heap after
Heap after GC invocations=4 (full 0):
 PSYoungGen      total 66048K, used 2545K [0x00000000eaa80000, 0x00000000eed80000, 0x0000000100000000)
  eden space 63488K, 0% used [0x00000000eaa80000,0x00000000eaa80000,0x00000000ee880000)
  from space 2560K, 99% used [0x00000000eeb00000,0x00000000eed7c460,0x00000000eed80000)
  to   space 2560K, 0% used [0x00000000ee880000,0x00000000ee880000,0x00000000eeb00000)
 ParOldGen       total 41472K, used 17931K [0x00000000c0000000, 0x00000000c2880000, 0x00000000eaa80000)
  object space 41472K, 43% used [0x00000000c0000000,0x00000000c1182ee8,0x00000000c2880000)
 PSPermGen       total 21504K, used 5826K [0x00000000bae00000, 0x00000000bc300000, 0x00000000c0000000)
  object space 21504K, 27% used [0x00000000bae00000,0x00000000bb3b0898,0x00000000bc300000)
}
Event: 8.530 GC heap before
{Heap before GC invocations=5 (full 0):
 PSYoungGen      total 66048K, used 66033K [0x00000000eaa80000, 0x00000000eed80000, 0x0000000100000000)
  eden space 63488K, 100% used [0x00000000eaa80000,0x00000000ee880000,0x00000000ee880000)
  from space 2560K, 99% used [0x00000000eeb00000,0x00000000eed7c460,0x00000000eed80000)
  to   space 2560K, 0% used [0x00000000ee880000,0x00000000ee880000,0x00000000eeb00000)
 ParOldGen       total 41472K, used 17931K [0x00000000c0000000, 0x00000000c2880000, 0x00000000eaa80000)
  object space 41472K, 43% used [0x00000000c0000000,0x00000000c1182ee8,0x00000000c2880000)
 PSPermGen       total 21504K, used 7446K [0x00000000bae00000, 0x00000000bc300000, 0x00000000c0000000)
  object space 21504K, 34% used [0x00000000bae00000,0x00000000bb5459d8,0x00000000bc300000)
Event: 8.550 GC heap after
Heap after GC invocations=5 (full 0):
 PSYoungGen      total 66048K, used 2550K [0x00000000eaa80000, 0x00000000f4080000, 0x0000000100000000)
  eden space 63488K, 0% used [0x00000000eaa80000,0x00000000eaa80000,0x00000000ee880000)
  from space 2560K, 99% used [0x00000000ee880000,0x00000000eeafd930,0x00000000eeb00000)
  to   space 13312K, 0% used [0x00000000f3380000,0x00000000f3380000,0x00000000f4080000)
 ParOldGen       total 41472K, used 27062K [0x00000000c0000000, 0x00000000c2880000, 0x00000000eaa80000)
  object space 41472K, 65% used [0x00000000c0000000,0x00000000c1a6db28,0x00000000c2880000)
 PSPermGen       total 21504K, used 7446K [0x00000000bae00000, 0x00000000bc300000, 0x00000000c0000000)
  object space 21504K, 34% used [0x00000000bae00000,0x00000000bb5459d8,0x00000000bc300000)
}
Event: 9.928 GC heap before
{Heap before GC invocations=6 (full 0):
 PSYoungGen      total 66048K, used 66038K [0x00000000eaa80000, 0x00000000f4080000, 0x0000000100000000)
  eden space 63488K, 100% used [0x00000000eaa80000,0x00000000ee880000,0x00000000ee880000)
  from space 2560K, 99% used [0x00000000ee880000,0x00000000eeafd930,0x00000000eeb00000)
  to   space 13312K, 0% used [0x00000000f3380000,0x00000000f3380000,0x00000000f4080000)
 ParOldGen       total 41472K, used 27062K [0x00000000c0000000, 0x00000000c2880000, 0x00000000eaa80000)
  object space 41472K, 65% used [0x00000000c0000000,0x00000000c1a6db28,0x00000000c2880000)
 PSPermGen       total 21504K, used 7570K [0x00000000bae00000, 0x00000000bc300000, 0x00000000c0000000)
  object space 21504K, 35% used [0x00000000bae00000,0x00000000bb564ba8,0x00000000bc300000)
Event: 9.957 GC heap after
Heap after GC invocations=6 (full 0):
 PSYoungGen      total 140288K, used 5727K [0x00000000eaa80000, 0x00000000f4080000, 0x0000000100000000)
  eden space 126976K, 0% used [0x00000000eaa80000,0x00000000eaa80000,0x00000000f2680000)
  from space 13312K, 43% used [0x00000000f3380000,0x00000000f3917dc0,0x00000000f4080000)
  to   space 13312K, 0% used [0x00000000f2680000,0x00000000f2680000,0x00000000f3380000)
 ParOldGen       total 41472K, used 27062K [0x00000000c0000000, 0x00000000c2880000, 0x00000000eaa80000)
  object space 41472K, 65% used [0x00000000c0000000,0x00000000c1a6db28,0x00000000c2880000)
 PSPermGen       total 21504K, used 7570K [0x00000000bae00000, 0x00000000bc300000, 0x00000000c0000000)
  object space 21504K, 35% used [0x00000000bae00000,0x00000000bb564ba8,0x00000000bc300000)
}
Event: 10.729 GC heap before
{Heap before GC invocations=7 (full 0):
 PSYoungGen      total 140288K, used 132703K [0x00000000eaa80000, 0x00000000f4080000, 0x0000000100000000)
  eden space 126976K, 100% used [0x00000000eaa80000,0x00000000f2680000,0x00000000f2680000)
  from space 13312K, 43% used [0x00000000f3380000,0x00000000f3917dc0,0x00000000f4080000)
  to   space 13312K, 0% used [0x00000000f2680000,0x00000000f2680000,0x00000000f3380000)
 ParOldGen       total 41472K, used 27062K [0x00000000c0000000, 0x00000000c2880000, 0x00000000eaa80000)
  object space 41472K, 65% used [0x00000000c0000000,0x00000000c1a6db28,0x00000000c2880000)
 PSPermGen       total 21504K, used 7595K [0x00000000bae00000, 0x00000000bc300000, 0x00000000c0000000)
  object space 21504K, 35% used [0x00000000bae00000,0x00000000bb56aca8,0x00000000bc300000)
Event: 10.749 GC heap after
Heap after GC invocations=7 (full 0):
 PSYoungGen      total 140288K, used 8144K [0x00000000eaa80000, 0x00000000fbb80000, 0x0000000100000000)
  eden space 126976K, 0% used [0x00000000eaa80000,0x00000000eaa80000,0x00000000f2680000)
  from space 13312K, 61% used [0x00000000f2680000,0x00000000f2e74258,0x00000000f3380000)
  to   space 12800K, 0% used [0x00000000faf00000,0x00000000faf00000,0x00000000fbb80000)
 ParOldGen       total 41472K, used 28379K [0x00000000c0000000, 0x00000000c2880000, 0x00000000eaa80000)
  object space 41472K, 68% used [0x00000000c0000000,0x00000000c1bb6c18,0x00000000c2880000)
 PSPermGen       total 21504K, used 7595K [0x00000000bae00000, 0x00000000bc300000, 0x00000000c0000000)
  object space 21504K, 35% used [0x00000000bae00000,0x00000000bb56aca8,0x00000000bc300000)
}
Event: 11.141 GC heap before
{Heap before GC invocations=8 (full 0):
 PSYoungGen      total 140288K, used 135120K [0x00000000eaa80000, 0x00000000fbb80000, 0x0000000100000000)
  eden space 126976K, 100% used [0x00000000eaa80000,0x00000000f2680000,0x00000000f2680000)
  from space 13312K, 61% used [0x00000000f2680000,0x00000000f2e74258,0x00000000f3380000)
  to   space 12800K, 0% used [0x00000000faf00000,0x00000000faf00000,0x00000000fbb80000)
 ParOldGen       total 41472K, used 28379K [0x00000000c0000000, 0x00000000c2880000, 0x00000000eaa80000)
  object space 41472K, 68% used [0x00000000c0000000,0x00000000c1bb6c18,0x00000000c2880000)
 PSPermGen       total 21504K, used 7605K [0x00000000bae00000, 0x00000000bc300000, 0x00000000c0000000)
  object space 21504K, 35% used [0x00000000bae00000,0x00000000bb56d5f0,0x00000000bc300000)
Event: 11.195 GC heap after
Heap after GC invocations=8 (full 0):
 PSYoungGen      total 265728K, used 7736K [0x00000000eaa80000, 0x00000000fba80000, 0x0000000100000000)
  eden space 253952K, 0% used [0x00000000eaa80000,0x00000000eaa80000,0x00000000fa280000)
  from space 11776K, 65% used [0x00000000faf00000,0x00000000fb68e320,0x00000000fba80000)
  to   space 12288K, 0% used [0x00000000fa280000,0x00000000fa280000,0x00000000fae80000)
 ParOldGen       total 41472K, used 28858K [0x00000000c0000000, 0x00000000c2880000, 0x00000000eaa80000)
  object space 41472K, 69% used [0x00000000c0000000,0x00000000c1c2ea70,0x00000000c2880000)
 PSPermGen       total 21504K, used 7605K [0x00000000bae00000, 0x00000000bc300000, 0x00000000c0000000)
  object space 21504K, 35% used [0x00000000bae00000,0x00000000bb56d5f0,0x00000000bc300000)
}
Event: 12.027 GC heap before
{Heap before GC invocations=9 (full 0):
 PSYoungGen      total 265728K, used 261688K [0x00000000eaa80000, 0x00000000fba80000, 0x0000000100000000)
  eden space 253952K, 100% used [0x00000000eaa80000,0x00000000fa280000,0x00000000fa280000)
  from space 11776K, 65% used [0x00000000faf00000,0x00000000fb68e320,0x00000000fba80000)
  to   space 12288K, 0% used [0x00000000fa280000,0x00000000fa280000,0x00000000fae80000)
 ParOldGen       total 41472K, used 28858K [0x00000000c0000000, 0x00000000c2880000, 0x00000000eaa80000)
  object space 41472K, 69% used [0x00000000c0000000,0x00000000c1c2ea70,0x00000000c2880000)
 PSPermGen       total 21504K, used 7606K [0x00000000bae00000, 0x00000000bc300000, 0x00000000c0000000)
  object space 21504K, 35% used [0x00000000bae00000,0x00000000bb56db60,0x00000000bc300000)

